<?xml version="1.0" encoding="UTF-8"?>
<!-- Generated by org.testng.reporters.JUnitReportReporter -->
<testsuite hostname="Motiurs-MBP.fios-router.home" failures="0" tests="1" name="testPages.HomePageTest" time="11.410" errors="0" timestamp="2022-09-30T10:04:45 EDT" skipped="0">
  <testcase classname="testPages.HomePageTest" name="logoTest" time="11.410"/>
  <system-out/>
</testsuite> <!-- testPages.HomePageTest -->
