<?xml version="1.0" encoding="UTF-8"?>
<!-- Generated by org.testng.reporters.JUnitReportReporter -->
<testsuite hostname="Motiurs-MBP.fios-router.home" failures="0" tests="1" name="testPages.HomePageTest" time="12.347" errors="0" timestamp="2022-10-07T18:30:08 EDT" skipped="0">
  <testcase classname="testPages.HomePageTest" name="logoTest" time="12.347"/>
  <system-out/>
</testsuite> <!-- testPages.HomePageTest -->
